<?xml version="1.0" encoding="UTF-8"?>
<!-- Generated by org.testng.reporters.JUnitReportReporter -->
<testsuite hostname="DESKTOP-NEJUASK" failures="0" tests="1" name="neoStoxTestPackage.TestClass" time="28.506" errors="0" timestamp="2022-12-18T22:10:07 IST" skipped="0">
  <testcase classname="neoStoxTestPackage.TestClass" name="validateUserNametest" time="28.506"/>
  <system-out/>
</testsuite> <!-- neoStoxTestPackage.TestClass -->
